<?xml version="1.0" encoding="UTF-8"?>
<!-- Generated by org.testng.reporters.JUnitReportReporter -->
<testsuite hostname="LAPTOP-4JBHQT14" failures="0" tests="1" name="testcases.FunctionalTest" time="8.333" errors="0" timestamp="2024-10-16T12:54:37 IST" skipped="0">
  <testcase classname="testcases.FunctionalTest" name="functionalTest" time="8.333">
    <system-out>
      <![CDATA[functionalTest is executed]]>
    </system-out>
  </testcase> <!-- functionalTest -->
  <system-out>
    <![CDATA[functionalTest is executed]]>
  </system-out>
</testsuite> <!-- testcases.FunctionalTest -->
