<?xml version="1.0" encoding="UTF-8"?>
<!-- Generated by org.testng.reporters.JUnitReportReporter -->
<testsuite hostname="LAPTOP-4JBHQT14" failures="0" tests="1" name="testcases.FormValidationTest" time="9.846" errors="0" timestamp="2024-10-16T12:52:39 IST" skipped="0">
  <testcase classname="testcases.FormValidationTest" name="createform" time="9.846">
    <system-out>
      <![CDATA[createform is executed]]>
    </system-out>
  </testcase> <!-- createform -->
  <system-out>
    <![CDATA[createform is executed]]>
  </system-out>
</testsuite> <!-- testcases.FormValidationTest -->
