<?xml version="1.0" encoding="UTF-8"?>
<!-- Generated by org.testng.reporters.JUnitReportReporter -->
<testsuite hostname="LAPTOP-4JBHQT14" failures="0" tests="1" name="testcases.UiTest" time="3.998" errors="0" timestamp="2024-10-16T12:55:04 IST" skipped="0">
  <testcase classname="testcases.UiTest" name="uiTest" time="3.998">
    <system-out>
      <![CDATA[uiTest is executed]]>
    </system-out>
  </testcase> <!-- uiTest -->
  <system-out>
    <![CDATA[uiTest is executed]]>
  </system-out>
</testsuite> <!-- testcases.UiTest -->
