<?xml version="1.0" encoding="UTF-8"?>
<!-- Generated by org.testng.reporters.JUnitReportReporter -->
<testsuite hostname="LAPTOP-4JBHQT14" failures="0" tests="1" name="testcases.DwsLogin" time="15.223" errors="0" timestamp="2024-10-16T12:51:54 IST" skipped="0">
  <testcase classname="testcases.DwsLogin" name="main" time="15.223">
    <system-out>
      <![CDATA[main is executed]]>
    </system-out>
  </testcase> <!-- main -->
  <system-out>
    <![CDATA[main is executed]]>
  </system-out>
</testsuite> <!-- testcases.DwsLogin -->
